#
# There is insufficient memory for the Java Runtime Environment to continue.
# Native memory allocation (malloc) failed to allocate 131088 bytes for Chunk::new
# Possible reasons:
#   The system is out of physical RAM or swap space
#   In 32 bit mode, the process size limit was hit
# Possible solutions:
#   Reduce memory load on the system
#   Increase physical memory or swap space
#   Check if swap backing store is full
#   Use 64 bit Java on a 64 bit OS
#   Decrease Java heap size (-Xmx/-Xms)
#   Decrease number of Java threads
#   Decrease Java thread stack sizes (-Xss)
#   Set larger code cache with -XX:ReservedCodeCacheSize=
# This output file may be truncated or incomplete.
#
#  Out of Memory Error (allocation.cpp:390), pid=11768, tid=0x0000000000002084
#
# JRE version: OpenJDK Runtime Environment (8.0_152-b01) (build 1.8.0_152-release-1343-b01)
# Java VM: OpenJDK 64-Bit Server VM (25.152-b01 mixed mode windows-amd64 compressed oops)
# Failed to write core dump. Minidumps are not enabled by default on client versions of Windows
#

---------------  T H R E A D  ---------------

Current thread (0x000000001894e000):  JavaThread "C2 CompilerThread0" daemon [_thread_in_native, id=8324, stack(0x0000000019130000,0x0000000019230000)]

Stack: [0x0000000019130000,0x0000000019230000]
[error occurred during error reporting (printing stack bounds), id 0xc0000005]

Native frames: (J=compiled Java code, j=interpreted, Vv=VM code, C=native code)


Current CompileTask:
C2:4651919 14397   !   4       org.gradle.internal.operations.DefaultBuildOperationExecutor::execute (336 bytes)


---------------  P R O C E S S  ---------------

Java Threads: ( => current thread )
  0x000000001ca7d000 JavaThread "Cache worker for execution history cache (E:\NetBeansProjects\AndroidStudioProjects\STMobile\.gradle\5.1.1\executionHistory)" [_thread_blocked, id=12920, stack(0x0000000031430000,0x0000000031530000)]
  0x000000001ca83800 JavaThread "Execution worker for ':' Thread 7" [_thread_blocked, id=1276, stack(0x0000000031330000,0x0000000031430000)]
  0x000000001ca80000 JavaThread "Execution worker for ':' Thread 6" [_thread_blocked, id=3972, stack(0x0000000031230000,0x0000000031330000)]
  0x000000001ca82000 JavaThread "Execution worker for ':' Thread 5" [_thread_blocked, id=9044, stack(0x0000000031130000,0x0000000031230000)]
  0x000000001ca7c000 JavaThread "Execution worker for ':' Thread 4" [_thread_blocked, id=3328, stack(0x0000000031030000,0x0000000031130000)]
  0x000000001ca81800 JavaThread "Execution worker for ':' Thread 3" [_thread_blocked, id=644, stack(0x0000000030f30000,0x0000000031030000)]
  0x000000001ca7e800 JavaThread "Execution worker for ':' Thread 2" [_thread_in_Java, id=9300, stack(0x0000000030e30000,0x0000000030f30000)]
  0x000000001ca7f000 JavaThread "Execution worker for ':'" [_thread_blocked, id=5732, stack(0x0000000030d30000,0x0000000030e30000)]
  0x000000001ca80800 JavaThread "Cache worker for file content cache (E:\NetBeansProjects\AndroidStudioProjects\STMobile\.gradle\5.1.1\fileContent)" [_thread_blocked, id=9076, stack(0x0000000030c30000,0x0000000030d30000)]
  0x000000001ca83000 JavaThread "Cache worker for Build Output Cleanup Cache (E:\NetBeansProjects\AndroidStudioProjects\STMobile\.gradle\buildOutputCleanup)" [_thread_blocked, id=1296, stack(0x0000000030b30000,0x0000000030c30000)]
  0x000000001f28e800 JavaThread "pool-8-thread-1" [_thread_blocked, id=2984, stack(0x0000000030a30000,0x0000000030b30000)]
  0x000000001f290000 JavaThread "Build operations Thread 8" [_thread_blocked, id=3496, stack(0x0000000030930000,0x0000000030a30000)]
  0x000000001f28e000 JavaThread "Build operations Thread 7" [_thread_blocked, id=4320, stack(0x0000000030830000,0x0000000030930000)]
  0x000000001f28d000 JavaThread "Build operations Thread 6" [_thread_blocked, id=7824, stack(0x0000000030730000,0x0000000030830000)]
  0x000000001f291000 JavaThread "Build operations Thread 5" [_thread_blocked, id=10592, stack(0x0000000030630000,0x0000000030730000)]
  0x000000001f28c800 JavaThread "Build operations Thread 4" [_thread_blocked, id=5304, stack(0x0000000030530000,0x0000000030630000)]
  0x000000001f292800 JavaThread "Build operations Thread 3" [_thread_blocked, id=12352, stack(0x0000000030430000,0x0000000030530000)]
  0x000000001f28f800 JavaThread "Build operations Thread 2" [_thread_blocked, id=1564, stack(0x0000000030330000,0x0000000030430000)]
  0x000000001f291800 JavaThread "Build operations" [_thread_blocked, id=4120, stack(0x0000000030230000,0x0000000030330000)]
  0x000000001f285000 JavaThread "Cache worker for cache directory md-rule (C:\Users\thiag\.gradle\caches\5.1.1\md-rule)" [_thread_blocked, id=5672, stack(0x0000000030130000,0x0000000030230000)]
  0x000000001f28b800 JavaThread "Cache worker for cache directory md-supplier (C:\Users\thiag\.gradle\caches\5.1.1\md-supplier)" [_thread_blocked, id=5940, stack(0x0000000030030000,0x0000000030130000)]
  0x000000001f28b000 JavaThread "Cache worker for file hash cache (E:\NetBeansProjects\AndroidStudioProjects\STMobile\.gradle\5.1.1\fileHashes)" [_thread_blocked, id=3420, stack(0x000000002ff30000,0x0000000030030000)]
  0x000000001f283800 JavaThread "Thread-126" [_thread_blocked, id=12888, stack(0x000000002fe30000,0x000000002ff30000)]
  0x000000001f289800 JavaThread "Stdin handler" [_thread_blocked, id=6576, stack(0x000000002fd30000,0x000000002fe30000)]
  0x000000001f288800 JavaThread "Asynchronous log dispatcher for DefaultDaemonConnection: socket connection from /127.0.0.1:57452 to /127.0.0.1:60205" [_thread_blocked, id=12676, stack(0x000000002fc30000,0x000000002fd30000)]
  0x000000001f288000 JavaThread "Daemon worker Thread 5" [_thread_blocked, id=8580, stack(0x000000002fb30000,0x000000002fc30000)]
  0x000000001f287000 JavaThread "Cancel handler" [_thread_blocked, id=5432, stack(0x000000002fa30000,0x000000002fb30000)]
  0x000000001f286800 JavaThread "Handler for socket connection from /127.0.0.1:57452 to /127.0.0.1:60205" [_thread_in_native, id=11980, stack(0x000000002f930000,0x000000002fa30000)]
  0x000000001f28a000 JavaThread "Daemon Thread 5" [_thread_blocked, id=5616, stack(0x000000002f830000,0x000000002f930000)]
  0x000000001da55000 JavaThread "Cache worker for Java compile cache (C:\Users\thiag\.gradle\caches\5.1.1\javaCompile)" [_thread_blocked, id=12812, stack(0x0000000028a30000,0x0000000028b30000)]
  0x000000001da56800 JavaThread "Cache worker for file content cache (C:\Users\thiag\.gradle\caches\5.1.1\fileContent)" [_thread_blocked, id=9836, stack(0x0000000024a10000,0x0000000024b10000)]
  0x000000001da53000 JavaThread "Memory manager" [_thread_blocked, id=3868, stack(0x0000000024910000,0x0000000024a10000)]
  0x000000001da4d000 JavaThread "Cache worker for execution history cache (C:\Users\thiag\.gradle\caches\5.1.1\executionHistory)" [_thread_blocked, id=10708, stack(0x0000000022250000,0x0000000022350000)]
  0x000000001896c000 JavaThread "Cache worker for journal cache (C:\Users\thiag\.gradle\caches\journal-1)" [_thread_blocked, id=5604, stack(0x000000001c2a0000,0x000000001c3a0000)]
  0x000000001ab43800 JavaThread "File lock request listener" [_thread_in_native, id=12192, stack(0x000000001c1a0000,0x000000001c2a0000)]
  0x000000001aaf3800 JavaThread "Cache worker for file hash cache (C:\Users\thiag\.gradle\caches\5.1.1\fileHashes)" [_thread_blocked, id=3180, stack(0x000000001c0a0000,0x000000001c1a0000)]
  0x000000001a96e000 JavaThread "Daemon periodic checks" [_thread_blocked, id=12716, stack(0x000000001b6a0000,0x000000001b7a0000)]
  0x000000001a90e000 JavaThread "Incoming local TCP Connector on port 57452" [_thread_in_native, id=5888, stack(0x000000001b440000,0x000000001b540000)]
  0x00000000189ed000 JavaThread "Service Thread" daemon [_thread_blocked, id=12628, stack(0x0000000019530000,0x0000000019630000)]
  0x000000001896b800 JavaThread "C1 CompilerThread3" daemon [_thread_blocked, id=7172, stack(0x0000000019430000,0x0000000019530000)]
  0x0000000016a3b000 JavaThread "C2 CompilerThread2" daemon [_thread_in_native, id=13216, stack(0x0000000019330000,0x0000000019430000)]
  0x0000000018951000 JavaThread "C2 CompilerThread1" daemon [_thread_in_native, id=6324, stack(0x0000000019230000,0x0000000019330000)]
=>0x000000001894e000 JavaThread "C2 CompilerThread0" daemon [_thread_in_native, id=8324, stack(0x0000000019130000,0x0000000019230000)]
  0x000000001894c800 JavaThread "Attach Listener" daemon [_thread_blocked, id=1436, stack(0x0000000019030000,0x0000000019130000)]
  0x000000001894b800 JavaThread "Signal Dispatcher" daemon [_thread_blocked, id=10200, stack(0x0000000018f30000,0x0000000019030000)]
  0x0000000002c6d800 JavaThread "Finalizer" daemon [_thread_blocked, id=13308, stack(0x0000000018d20000,0x0000000018e20000)]
  0x0000000002c64000 JavaThread "Reference Handler" daemon [_thread_blocked, id=10940, stack(0x0000000018820000,0x0000000018920000)]
  0x0000000002a6d800 JavaThread "main" [_thread_blocked, id=11992, stack(0x0000000002a70000,0x0000000002b70000)]

Other Threads:
  0x0000000016a26800 VMThread [stack: 0x0000000018720000,0x0000000018820000] [id=10116]
  0x00000000189ee000 WatcherThread [stack: 0x0000000019630000,0x0000000019730000] [id=9988]

VM state:not at safepoint (normal execution)

VM Mutex/Monitor currently owned by a thread: None

Heap:
 PSYoungGen      total 224256K, used 206100K [0x00000000e0000000, 0x00000000ef400000, 0x0000000100000000)
  eden space 206848K, 92% used [0x00000000e0000000,0x00000000ebba41a8,0x00000000eca00000)
  from space 17408K, 80% used [0x00000000ee300000,0x00000000ef0a1170,0x00000000ef400000)
  to   space 21504K, 0% used [0x00000000eca00000,0x00000000eca00000,0x00000000edf00000)
 ParOldGen       total 107520K, used 50189K [0x00000000a0000000, 0x00000000a6900000, 0x00000000e0000000)
  object space 107520K, 46% used [0x00000000a0000000,0x00000000a31036e8,0x00000000a6900000)
 Metaspace       used 85299K, capacity 88676K, committed 88856K, reserved 1126400K
  class space    used 11091K, capacity 11761K, committed 11808K, reserved 1048576K

Card table byte_map: [0x0000000012030000,0x0000000012340000] byte_map_base: 0x0000000011b30000

Marking Bits: (ParMarkBitMap*) 0x0000000076125aa0
 Begin Bits: [0x0000000012d40000, 0x0000000014540000)
 End Bits:   [0x0000000014540000, 0x0000000015d40000)

Polling page: 0x0000000001070000

CodeCache: size=245760Kb used=37569Kb max_used=37585Kb free=208190Kb
 bounds [0x0000000002c70000, 0x0000000005160000, 0x0000000011c70000]
 total_blobs=12819 nmethods=11951 adapters=780
 compilation: enabled

Compilation events (10 events):
Event: 4651.870 Thread 0x000000001896b800 14406       1       org.gradle.api.internal.project.DefaultProject::getName (5 bytes)
Event: 4651.870 Thread 0x000000001896b800 nmethod 14406 0x00000000045d2c90 code [0x00000000045d2de0, 0x00000000045d2ef0]
Event: 4651.907 Thread 0x000000001896b800 14408       3       sun.misc.FloatingDecimal::getBinaryToASCIIConverter (183 bytes)
Event: 4651.907 Thread 0x000000001896b800 nmethod 14408 0x0000000003ca4cd0 code [0x0000000003ca4ea0, 0x0000000003ca56e8]
Event: 4651.909 Thread 0x000000001896b800 14409       3       sun.misc.FloatingDecimal::getBinaryToASCIIConverter (6 bytes)
Event: 4651.909 Thread 0x000000001896b800 nmethod 14409 0x0000000003c6cf50 code [0x0000000003c6d0c0, 0x0000000003c6d228]
Event: 4651.909 Thread 0x000000001896b800 14410       3       sun.misc.FloatingDecimal$BinaryToASCIIBuffer::getChars (502 bytes)
Event: 4651.910 Thread 0x000000001896b800 nmethod 14410 0x0000000004919b90 code [0x0000000004919e00, 0x000000000491ae58]
Event: 4651.910 Thread 0x000000001896b800 14411       3       org.gradle.internal.execution.history.impl.DefaultOutputFilesRepository::isGeneratedByGradle (27 bytes)
Event: 4651.911 Thread 0x000000001896b800 nmethod 14411 0x000000000515a110 code [0x000000000515a2e0, 0x000000000515a978]

GC Heap History (10 events):
Event: 8.775 GC heap before
{Heap before GC invocations=17 (full 3):
 PSYoungGen      total 167424K, used 7176K [0x00000000e0000000, 0x00000000eb080000, 0x0000000100000000)
  eden space 155136K, 0% used [0x00000000e0000000,0x00000000e0000000,0x00000000e9780000)
  from space 12288K, 58% used [0x00000000ea480000,0x00000000eab82048,0x00000000eb080000)
  to   space 12800K, 0% used [0x00000000e9780000,0x00000000e9780000,0x00000000ea400000)
 ParOldGen       total 73728K, used 24249K [0x00000000a0000000, 0x00000000a4800000, 0x00000000e0000000)
  object space 73728K, 32% used [0x00000000a0000000,0x00000000a17ae5f0,0x00000000a4800000)
 Metaspace       used 57608K, capacity 59058K, committed 59160K, reserved 1099776K
  class space    used 7794K, capacity 8134K, committed 8224K, reserved 1048576K
Event: 9.214 GC heap after
Heap after GC invocations=17 (full 3):
 PSYoungGen      total 167424K, used 0K [0x00000000e0000000, 0x00000000eb080000, 0x0000000100000000)
  eden space 155136K, 0% used [0x00000000e0000000,0x00000000e0000000,0x00000000e9780000)
  from space 12288K, 0% used [0x00000000ea480000,0x00000000ea480000,0x00000000eb080000)
  to   space 12800K, 0% used [0x00000000e9780000,0x00000000e9780000,0x00000000ea400000)
 ParOldGen       total 107520K, used 30445K [0x00000000a0000000, 0x00000000a6900000, 0x00000000e0000000)
  object space 107520K, 28% used [0x00000000a0000000,0x00000000a1dbb5f0,0x00000000a6900000)
 Metaspace       used 57608K, capacity 59058K, committed 59160K, reserved 1099776K
  class space    used 7794K, capacity 8134K, committed 8224K, reserved 1048576K
}
Event: 13.656 GC heap before
{Heap before GC invocations=18 (full 3):
 PSYoungGen      total 167424K, used 155136K [0x00000000e0000000, 0x00000000eb080000, 0x0000000100000000)
  eden space 155136K, 100% used [0x00000000e0000000,0x00000000e9780000,0x00000000e9780000)
  from space 12288K, 0% used [0x00000000ea480000,0x00000000ea480000,0x00000000eb080000)
  to   space 12800K, 0% used [0x00000000e9780000,0x00000000e9780000,0x00000000ea400000)
 ParOldGen       total 107520K, used 30445K [0x00000000a0000000, 0x00000000a6900000, 0x00000000e0000000)
  object space 107520K, 28% used [0x00000000a0000000,0x00000000a1dbb5f0,0x00000000a6900000)
 Metaspace       used 61177K, capacity 63138K, committed 63256K, reserved 1103872K
  class space    used 8280K, capacity 8728K, committed 8736K, reserved 1048576K
Event: 13.664 GC heap after
Heap after GC invocations=18 (full 3):
 PSYoungGen      total 167936K, used 12436K [0x00000000e0000000, 0x00000000eda80000, 0x0000000100000000)
  eden space 155136K, 0% used [0x00000000e0000000,0x00000000e0000000,0x00000000e9780000)
  from space 12800K, 97% used [0x00000000e9780000,0x00000000ea3a5098,0x00000000ea400000)
  to   space 14336K, 0% used [0x00000000ecc80000,0x00000000ecc80000,0x00000000eda80000)
 ParOldGen       total 107520K, used 30453K [0x00000000a0000000, 0x00000000a6900000, 0x00000000e0000000)
  object space 107520K, 28% used [0x00000000a0000000,0x00000000a1dbd5f0,0x00000000a6900000)
 Metaspace       used 61177K, capacity 63138K, committed 63256K, reserved 1103872K
  class space    used 8280K, capacity 8728K, committed 8736K, reserved 1048576K
}
Event: 206.402 GC heap before
{Heap before GC invocations=19 (full 3):
 PSYoungGen      total 167936K, used 167571K [0x00000000e0000000, 0x00000000eda80000, 0x0000000100000000)
  eden space 155136K, 99% used [0x00000000e0000000,0x00000000e977fe38,0x00000000e9780000)
  from space 12800K, 97% used [0x00000000e9780000,0x00000000ea3a5098,0x00000000ea400000)
  to   space 14336K, 0% used [0x00000000ecc80000,0x00000000ecc80000,0x00000000eda80000)
 ParOldGen       total 107520K, used 30453K [0x00000000a0000000, 0x00000000a6900000, 0x00000000e0000000)
  object space 107520K, 28% used [0x00000000a0000000,0x00000000a1dbd5f0,0x00000000a6900000)
 Metaspace       used 69188K, capacity 71466K, committed 71704K, reserved 1112064K
  class space    used 9215K, capacity 9666K, committed 9760K, reserved 1048576K
Event: 206.417 GC heap after
Heap after GC invocations=19 (full 3):
 PSYoungGen      total 202752K, used 14331K [0x00000000e0000000, 0x00000000edd00000, 0x0000000100000000)
  eden space 188416K, 0% used [0x00000000e0000000,0x00000000e0000000,0x00000000eb800000)
  from space 14336K, 99% used [0x00000000ecc80000,0x00000000eda7ecd0,0x00000000eda80000)
  to   space 18944K, 0% used [0x00000000eb800000,0x00000000eb800000,0x00000000eca80000)
 ParOldGen       total 107520K, used 37546K [0x00000000a0000000, 0x00000000a6900000, 0x00000000e0000000)
  object space 107520K, 34% used [0x00000000a0000000,0x00000000a24aaa48,0x00000000a6900000)
 Metaspace       used 69188K, capacity 71466K, committed 71704K, reserved 1112064K
  class space    used 9215K, capacity 9666K, committed 9760K, reserved 1048576K
}
Event: 3081.528 GC heap before
{Heap before GC invocations=20 (full 3):
 PSYoungGen      total 202752K, used 202747K [0x00000000e0000000, 0x00000000edd00000, 0x0000000100000000)
  eden space 188416K, 100% used [0x00000000e0000000,0x00000000eb800000,0x00000000eb800000)
  from space 14336K, 99% used [0x00000000ecc80000,0x00000000eda7ecd0,0x00000000eda80000)
  to   space 18944K, 0% used [0x00000000eb800000,0x00000000eb800000,0x00000000eca80000)
 ParOldGen       total 107520K, used 37546K [0x00000000a0000000, 0x00000000a6900000, 0x00000000e0000000)
  object space 107520K, 34% used [0x00000000a0000000,0x00000000a24aaa48,0x00000000a6900000)
 Metaspace       used 83478K, capacity 86724K, committed 86936K, reserved 1124352K
  class space    used 11019K, capacity 11643K, committed 11680K, reserved 1048576K
Event: 3081.607 GC heap after
Heap after GC invocations=20 (full 3):
 PSYoungGen      total 207360K, used 18350K [0x00000000e0000000, 0x00000000ef800000, 0x0000000100000000)
  eden space 188416K, 0% used [0x00000000e0000000,0x00000000e0000000,0x00000000eb800000)
  from space 18944K, 96% used [0x00000000eb800000,0x00000000ec9eb948,0x00000000eca80000)
  to   space 21504K, 0% used [0x00000000ee300000,0x00000000ee300000,0x00000000ef800000)
 ParOldGen       total 107520K, used 50181K [0x00000000a0000000, 0x00000000a6900000, 0x00000000e0000000)
  object space 107520K, 46% used [0x00000000a0000000,0x00000000a31016e8,0x00000000a6900000)
 Metaspace       used 83478K, capacity 86724K, committed 86936K, reserved 1124352K
  class space    used 11019K, capacity 11643K, committed 11680K, reserved 1048576K
}
Event: 3448.898 GC heap before
{Heap before GC invocations=21 (full 3):
 PSYoungGen      total 207360K, used 206766K [0x00000000e0000000, 0x00000000ef800000, 0x0000000100000000)
  eden space 188416K, 100% used [0x00000000e0000000,0x00000000eb800000,0x00000000eb800000)
  from space 18944K, 96% used [0x00000000eb800000,0x00000000ec9eb948,0x00000000eca80000)
  to   space 21504K, 0% used [0x00000000ee300000,0x00000000ee300000,0x00000000ef800000)
 ParOldGen       total 107520K, used 50181K [0x00000000a0000000, 0x00000000a6900000, 0x00000000e0000000)
  object space 107520K, 46% used [0x00000000a0000000,0x00000000a31016e8,0x00000000a6900000)
 Metaspace       used 84748K, capacity 88112K, committed 88344K, reserved 1126400K
  class space    used 11082K, capacity 11745K, committed 11808K, reserved 1048576K
Event: 3448.916 GC heap after
Heap after GC invocations=21 (full 3):
 PSYoungGen      total 224256K, used 13956K [0x00000000e0000000, 0x00000000ef400000, 0x0000000100000000)
  eden space 206848K, 0% used [0x00000000e0000000,0x00000000e0000000,0x00000000eca00000)
  from space 17408K, 80% used [0x00000000ee300000,0x00000000ef0a1170,0x00000000ef400000)
  to   space 21504K, 0% used [0x00000000eca00000,0x00000000eca00000,0x00000000edf00000)
 ParOldGen       total 107520K, used 50189K [0x00000000a0000000, 0x00000000a6900000, 0x00000000e0000000)
  object space 107520K, 46% used [0x00000000a0000000,0x00000000a31036e8,0x00000000a6900000)
 Metaspace       used 84748K, capacity 88112K, committed 88344K, reserved 1126400K
  class space    used 11082K, capacity 11745K, committed 11808K, reserved 1048576K
}

Deoptimization events (10 events):
Event: 3449.499 Thread 0x000000001ca7f000 Uncommon trap: reason=array_check action=maybe_recompile pc=0x0000000004f144ac method=java.util.ComparableTimSort.mergeLo(IIII)V @ 81
Event: 3449.499 Thread 0x000000001ca7f000 Uncommon trap: reason=array_check action=maybe_recompile pc=0x0000000004f144ac method=java.util.ComparableTimSort.mergeLo(IIII)V @ 81
Event: 3449.526 Thread 0x000000001ca7f000 Uncommon trap: reason=unstable_if action=reinterpret pc=0x0000000004c5cfac method=com.sun.tools.javac.code.Types$19.visitClassType(Lcom/sun/tools/javac/code/Type$ClassType;Ljava/lang/Void;)Lcom/sun/tools/javac/util/List; @ 22
Event: 3450.326 Thread 0x000000001f283800 Uncommon trap: reason=array_check action=maybe_recompile pc=0x00000000045c3eec method=java.util.TimSort.reverseRange([Ljava/lang/Object;II)V @ 27
Event: 3450.326 Thread 0x000000001f283800 Uncommon trap: reason=array_check action=maybe_recompile pc=0x00000000045c3eec method=java.util.TimSort.reverseRange([Ljava/lang/Object;II)V @ 27
Event: 3450.501 Thread 0x000000001da4e800 Uncommon trap: reason=unstable_if action=reinterpret pc=0x00000000045d30a8 method=org.gradle.internal.remote.internal.inet.SocketConnection$SocketOutputStream.writeWithNonBlockingRetry()I @ 41
Event: 3450.816 Thread 0x000000001da4e800 Uncommon trap: reason=unstable_if action=reinterpret pc=0x00000000035cd380 method=java.text.DecimalFormat.format(JLjava/lang/StringBuffer;Ljava/text/Format$FieldDelegate;)Ljava/lang/StringBuffer; @ 136
Event: 3450.816 Thread 0x000000001da4e800 Uncommon trap: reason=unstable_if action=reinterpret pc=0x00000000048dd988 method=java.text.DigitList.set(ZJI)V @ 8
Event: 3450.816 Thread 0x000000001da4e800 Uncommon trap: reason=unstable_if action=reinterpret pc=0x00000000049f8450 method=java.text.DigitList.isZero()Z @ 7
Event: 4651.304 Thread 0x000000001f288000 Uncommon trap: reason=bimorphic action=maybe_recompile pc=0x0000000004436818 method=java.util.HashMap.removeNode(ILjava/lang/Object;Ljava/lang/Object;ZZ)Ljava/util/HashMap$Node; @ 143

Classes redefined (0 events):
No events

Internal exceptions (10 events):
Event: 3159.022 Thread 0x000000001ca89800 Implicit null exception at 0x00000000049136ba to 0x0000000004913949
Event: 3159.065 Thread 0x000000001da47800 Exception <a 'sun/nio/fs/WindowsException'> (0x00000000e9cce910) thrown at [D:\src\AOSP-openjdk-cygwin\jdk8u\hotspot\src\share\vm\prims\jni.cpp, line 709]
Event: 3448.845 Thread 0x000000001da4d800 Exception <a 'sun/nio/fs/WindowsException'> (0x00000000eb331540) thrown at [D:\src\AOSP-openjdk-cygwin\jdk8u\hotspot\src\share\vm\prims\jni.cpp, line 709]
Event: 3448.849 Thread 0x000000001da4d800 Exception <a 'sun/nio/fs/WindowsException'> (0x00000000eb33e0b8) thrown at [D:\src\AOSP-openjdk-cygwin\jdk8u\hotspot\src\share\vm\prims\jni.cpp, line 709]
Event: 3450.017 Thread 0x000000001f285000 Exception <a 'sun/nio/fs/WindowsException'> (0x00000000e5b4ff28) thrown at [D:\src\AOSP-openjdk-cygwin\jdk8u\hotspot\src\share\vm\prims\jni.cpp, line 709]
Event: 3450.197 Thread 0x000000001f285000 Exception <a 'sun/nio/fs/WindowsException'> (0x00000000e7120730) thrown at [D:\src\AOSP-openjdk-cygwin\jdk8u\hotspot\src\share\vm\prims\jni.cpp, line 709]
Event: 3450.298 Thread 0x000000001f283800 Exception <a 'sun/nio/fs/WindowsException'> (0x00000000e765a568) thrown at [D:\src\AOSP-openjdk-cygwin\jdk8u\hotspot\src\share\vm\prims\jni.cpp, line 709]
Event: 3450.360 Thread 0x000000001f291800 Exception <a 'sun/nio/fs/WindowsException'> (0x00000000e7d2cc50) thrown at [D:\src\AOSP-openjdk-cygwin\jdk8u\hotspot\src\share\vm\prims\jni.cpp, line 709]
Event: 4651.255 Thread 0x000000001f288000 Exception <a 'sun/nio/fs/WindowsException'> (0x00000000e9cf41b0) thrown at [D:\src\AOSP-openjdk-cygwin\jdk8u\hotspot\src\share\vm\prims\jni.cpp, line 709]
Event: 4651.261 Thread 0x000000001f288000 Exception <a 'sun/nio/fs/WindowsException'> (0x00000000e9d00d28) thrown at [D:\src\AOSP-openjdk-cygwin\jdk8u\hotspot\src\share\vm\prims\jni.cpp, line 709]

Events (10 events):
Event: 4651.846 Thread 0x000000001896b800 flushing nmethod 0x0000000003ca5b90
Event: 4651.854 Thread 0x000000001896b800 flushing nmethod 0x00000000045d2c90
Event: 4651.856 Thread 0x000000001896b800 flushing nmethod 0x00000000048dd590
Event: 4651.856 Thread 0x000000001896b800 flushing nmethod 0x0000000004918510
Event: 4651.857 Thread 0x000000001896b800 flushing nmethod 0x00000000049f60d0
Event: 4651.859 Thread 0x000000001896b800 flushing nmethod 0x0000000004e76bd0
Event: 4651.865 Executing VM operation: RevokeBias
Event: 4651.865 Executing VM operation: RevokeBias done
Event: 4651.865 Executing VM operation: RevokeBias
Event: 4651.865 Executing VM operation: RevokeBias done


Dynamic libraries:
0x00007ff6d7c10000 - 0x00007ff6d7c41000 	C:\Program Files\Android\Android Studio\jre\bin\java.exe
0x00007ffe798d0000 - 0x00007ffe79abd000 	C:\Windows\SYSTEM32\ntdll.dll
0x00007ffe76b30000 - 0x00007ffe76be3000 	C:\Windows\System32\KERNEL32.DLL
0x00007ffe766a0000 - 0x00007ffe76933000 	C:\Windows\System32\KERNELBASE.dll
0x00007ffe777b0000 - 0x00007ffe77853000 	C:\Windows\System32\ADVAPI32.dll
0x00007ffe77870000 - 0x00007ffe7790e000 	C:\Windows\System32\msvcrt.dll
0x00007ffe79370000 - 0x00007ffe7940e000 	C:\Windows\System32\sechost.dll
0x00007ffe770a0000 - 0x00007ffe771c2000 	C:\Windows\System32\RPCRT4.dll
0x00007ffe76bf0000 - 0x00007ffe76d87000 	C:\Windows\System32\USER32.dll
0x00007ffe76940000 - 0x00007ffe76960000 	C:\Windows\System32\win32u.dll
0x00007ffe76b00000 - 0x00007ffe76b29000 	C:\Windows\System32\GDI32.dll
0x00007ffe75a80000 - 0x00007ffe75c1a000 	C:\Windows\System32\gdi32full.dll
0x00007ffe76960000 - 0x00007ffe76a00000 	C:\Windows\System32\msvcp_win.dll
0x00007ffe76a00000 - 0x00007ffe76afa000 	C:\Windows\System32\ucrtbase.dll
0x00007ffe67b00000 - 0x00007ffe67d79000 	C:\Windows\WinSxS\amd64_microsoft.windows.common-controls_6595b64144ccf1df_6.0.17763.503_none_05b23ef40721f4ae\COMCTL32.dll
0x00007ffe77240000 - 0x00007ffe7756c000 	C:\Windows\System32\combase.dll
0x00007ffe759a0000 - 0x00007ffe75a1e000 	C:\Windows\System32\bcryptPrimitives.dll
0x00007ffe795f0000 - 0x00007ffe7961e000 	C:\Windows\System32\IMM32.DLL
0x0000000071fd0000 - 0x00000000720a2000 	C:\Program Files\Android\Android Studio\jre\jre\bin\msvcr100.dll
0x0000000075960000 - 0x00000000761a1000 	C:\Program Files\Android\Android Studio\jre\jre\bin\server\jvm.dll
0x00007ffe79890000 - 0x00007ffe79898000 	C:\Windows\System32\PSAPI.DLL
0x00007ffe53380000 - 0x00007ffe53389000 	C:\Windows\SYSTEM32\WSOCK32.dll
0x00007ffe771d0000 - 0x00007ffe7723d000 	C:\Windows\System32\WS2_32.dll
0x00007ffe732d0000 - 0x00007ffe732f4000 	C:\Windows\SYSTEM32\WINMM.dll
0x00007ffe70100000 - 0x00007ffe7010a000 	C:\Windows\SYSTEM32\VERSION.dll
0x00007ffe730d0000 - 0x00007ffe730fd000 	C:\Windows\SYSTEM32\WINMMBASE.dll
0x00007ffe75e00000 - 0x00007ffe75e4a000 	C:\Windows\System32\cfgmgr32.dll
0x00007ffe720d0000 - 0x00007ffe720df000 	C:\Program Files\Android\Android Studio\jre\jre\bin\verify.dll
0x00007ffe701e0000 - 0x00007ffe70209000 	C:\Program Files\Android\Android Studio\jre\jre\bin\java.dll
0x00007ffe70c60000 - 0x00007ffe70c76000 	C:\Program Files\Android\Android Studio\jre\jre\bin\zip.dll
0x00007ffe77e80000 - 0x00007ffe79370000 	C:\Windows\System32\SHELL32.dll
0x00007ffe79540000 - 0x00007ffe795e8000 	C:\Windows\System32\shcore.dll
0x00007ffe75e50000 - 0x00007ffe7659a000 	C:\Windows\System32\windows.storage.dll
0x00007ffe758f0000 - 0x00007ffe75914000 	C:\Windows\System32\profapi.dll
0x00007ffe75920000 - 0x00007ffe7597d000 	C:\Windows\System32\powrprof.dll
0x00007ffe77750000 - 0x00007ffe777a2000 	C:\Windows\System32\shlwapi.dll
0x00007ffe75980000 - 0x00007ffe75991000 	C:\Windows\System32\kernel.appcore.dll
0x00007ffe76680000 - 0x00007ffe76697000 	C:\Windows\System32\cryptsp.dll
0x00007ffe6ec20000 - 0x00007ffe6ec3a000 	C:\Program Files\Android\Android Studio\jre\jre\bin\net.dll
0x00007ffe75150000 - 0x00007ffe751b7000 	C:\Windows\system32\mswsock.dll
0x00007ffe67540000 - 0x00007ffe67551000 	C:\Program Files\Android\Android Studio\jre\jre\bin\nio.dll
0x00007ffe70220000 - 0x00007ffe7023e000 	C:\Users\thiag\.gradle\native\25\windows-amd64\native-platform.dll
0x00007ffe720c0000 - 0x00007ffe720cd000 	C:\Program Files\Android\Android Studio\jre\jre\bin\management.dll
0x00007ffe74d10000 - 0x00007ffe74d43000 	C:\Windows\system32\rsaenh.dll
0x00007ffe765a0000 - 0x00007ffe765c6000 	C:\Windows\System32\bcrypt.dll
0x00007ffe75800000 - 0x00007ffe75828000 	C:\Windows\SYSTEM32\USERENV.dll
0x00007ffe75320000 - 0x00007ffe7532c000 	C:\Windows\SYSTEM32\CRYPTBASE.dll
0x00007ffe74eb0000 - 0x00007ffe74eed000 	C:\Windows\SYSTEM32\IPHLPAPI.DLL
0x00007ffe77090000 - 0x00007ffe77098000 	C:\Windows\System32\NSI.dll
0x00007ffe6d9f0000 - 0x00007ffe6da06000 	C:\Windows\SYSTEM32\dhcpcsvc6.DLL
0x00007ffe6bff0000 - 0x00007ffe6c00c000 	C:\Windows\SYSTEM32\dhcpcsvc.DLL
0x00007ffe74ef0000 - 0x00007ffe74fb6000 	C:\Windows\SYSTEM32\DNSAPI.dll

VM Arguments:
jvm_args: -Xmx1536m -Dfile.encoding=windows-1252 -Duser.country=BR -Duser.language=pt -Duser.variant 
java_command: org.gradle.launcher.daemon.bootstrap.GradleDaemon 5.1.1
java_class_path (initial): C:\Users\thiag\.gradle\wrapper\dists\gradle-5.1.1-all\97z1ksx6lirer3kbvdnh7jtjg\gradle-5.1.1\lib\gradle-launcher-5.1.1.jar
Launcher Type: SUN_STANDARD

Environment Variables:
PATH=C:\Program Files (x86)\Common Files\Oracle\Java\javapath;C:\ProgramData\Oracle\Java\javapath;C:\Windows\system32;C:\Windows;C:\Windows\System32\Wbem;C:\Windows\System32\WindowsPowerShell\v1.0\;C:\Windows\System32\OpenSSH\;C:\Program Files (x86)\NVIDIA Corporation\PhysX\Common;C:\Program Files\NVIDIA Corporation\NVIDIA NvDLISR;C:\Users\thiag\AppData\Local\Microsoft\WindowsApps;
USERNAME=thiag
OS=Windows_NT
PROCESSOR_IDENTIFIER=Intel64 Family 6 Model 142 Stepping 10, GenuineIntel



---------------  S Y S T E M  ---------------

OS: Windows 10.0 , 64 bit Build 17763 (10.0.17763.475)

CPU:total 8 (initial active 8) (4 cores per cpu, 2 threads per core) family 6 model 142 stepping 10, cmov, cx8, fxsr, mmx, sse, sse2, sse3, ssse3, sse4.1, sse4.2, popcnt, avx, avx2, aes, clmul, erms, 3dnowpref, lzcnt, ht, tsc, tscinvbit, bmi1, bmi2, adx

Memory: 4k page, physical 8260324k(1228060k free), swap 12454628k(4832k free)

vm_info: OpenJDK 64-Bit Server VM (25.152-b01) for windows-amd64 JRE (1.8.0_152-release-1343-b01), built by "builder" with MS VC++ 10.0 (VS2010)

time: Sat Jun 08 18:16:48 2019
elapsed time: 4651 seconds (0d 1h 17m 31s)

